<?xml version="1.0" encoding="UTF-8"?>
<testsuite name="com.crossoverjie.kafka.orderconsumer.JsonTest" time="0.035" tests="1" errors="1" skipped="0" failures="0">
  <properties>
[...]
</properties>
  <testcase name="test" classname="com.crossoverjie.kafka.orderconsumer.JsonTest" time="0.035">
    <error message="class com.crossoverjie.kafka.orderconsumer.pojo.Stock declares multiple JSON fields named id" type="java.lang.IllegalArgumentException">java.lang.IllegalArgumentException: class com.crossoverjie.kafka.orderconsumer.pojo.Stock declares multiple JSON fields named id
	at com.google.gson.internal.bind.ReflectiveTypeAdapterFactory.getBoundFields(ReflectiveTypeAdapterFactory.java:172)
	at com.google.gson.internal.bind.ReflectiveTypeAdapterFactory.create(ReflectiveTypeAdapterFactory.java:102)
	at com.google.gson.Gson.getAdapter(Gson.java:457)
	at com.google.gson.Gson.fromJson(Gson.java:921)
	at com.google.gson.Gson.fromJson(Gson.java:887)
	at com.google.gson.Gson.fromJson(Gson.java:836)
	at com.google.gson.Gson.fromJson(Gson.java:808)
	at com.crossoverjie.kafka.orderconsumer.JsonTest.test(JsonTest.java:26)
</error>
    <system-out><![CDATA[2018-06-27 11:50:01.727 [main] INFO  o.s.b.t.c.SpringBootTestContextBootstrapper - Neither @ContextConfiguration nor @ContextHierarchy found for test class [com.crossoverjie.kafka.orderconsumer.OrderConsumerApplicationTests], using SpringBootContextLoader
2018-06-27 11:50:01.733 [main] INFO  o.s.t.c.s.AbstractContextLoader - Could not detect default resource locations for test class [com.crossoverjie.kafka.orderconsumer.OrderConsumerApplicationTests]: no resource found for suffixes {-context.xml, Context.groovy}.
2018-06-27 11:50:01.734 [main] INFO  o.s.t.c.s.AnnotationConfigContextLoaderUtils - Could not detect default configuration classes for test class [com.crossoverjie.kafka.orderconsumer.OrderConsumerApplicationTests]: OrderConsumerApplicationTests does not declare any static, non-private, non-final, nested classes annotated with @Configuration.
2018-06-27 11:50:01.826 [main] INFO  o.s.b.t.c.SpringBootTestContextBootstrapper - Found @SpringBootConfiguration com.crossoverjie.kafka.orderconsumer.OrderConsumerApplication for test class com.crossoverjie.kafka.orderconsumer.OrderConsumerApplicationTests
2018-06-27 11:50:01.834 [main] INFO  o.s.b.t.c.SpringBootTestContextBootstrapper - Loaded default TestExecutionListener class names from location [META-INF/spring.factories]: [org.springframework.boot.test.mock.mockito.MockitoTestExecutionListener, org.springframework.boot.test.mock.mockito.ResetMocksTestExecutionListener, org.springframework.boot.test.autoconfigure.restdocs.RestDocsTestExecutionListener, org.springframework.boot.test.autoconfigure.web.client.MockRestServiceServerResetTestExecutionListener, org.springframework.boot.test.autoconfigure.web.servlet.MockMvcPrintOnlyOnFailureTestExecutionListener, org.springframework.boot.test.autoconfigure.web.servlet.WebDriverTestExecutionListener, org.springframework.test.context.web.ServletTestExecutionListener, org.springframework.test.context.support.DirtiesContextBeforeModesTestExecutionListener, org.springframework.test.context.support.DependencyInjectionTestExecutionListener, org.springframework.test.context.support.DirtiesContextTestExecutionListener, org.springframework.test.context.transaction.TransactionalTestExecutionListener, org.springframework.test.context.jdbc.SqlScriptsTestExecutionListener]
2018-06-27 11:50:01.850 [main] INFO  o.s.b.t.c.SpringBootTestContextBootstrapper - Using TestExecutionListeners: [org.springframework.test.context.web.ServletTestExecutionListener@7fa98a66, org.springframework.test.context.support.DirtiesContextBeforeModesTestExecutionListener@15ff3e9e, org.springframework.boot.test.autoconfigure.SpringBootDependencyInjectionTestExecutionListener@5fdcaa40, org.springframework.test.context.support.DirtiesContextTestExecutionListener@6dc17b83, org.springframework.test.context.transaction.TransactionalTestExecutionListener@5e0826e7, org.springframework.test.context.jdbc.SqlScriptsTestExecutionListener@32eff876, org.springframework.boot.test.mock.mockito.ResetMocksTestExecutionListener@8dbdac1, org.springframework.boot.test.autoconfigure.web.client.MockRestServiceServerResetTestExecutionListener@6e20b53a, org.springframework.boot.test.autoconfigure.restdocs.RestDocsTestExecutionListener@71809907, org.springframework.boot.test.autoconfigure.web.servlet.MockMvcPrintOnlyOnFailureTestExecutionListener@3ce1e309, org.springframework.boot.test.mock.mockito.MockitoTestExecutionListener@6aba2b86, org.springframework.boot.test.autoconfigure.web.servlet.WebDriverTestExecutionListener@158da8e]
2018-06-27 11:50:01.854 [main] INFO  o.s.b.t.c.SpringBootTestContextBootstrapper - Neither @ContextConfiguration nor @ContextHierarchy found for test class [com.crossoverjie.kafka.orderconsumer.RedisTest], using SpringBootContextLoader
2018-06-27 11:50:01.855 [main] INFO  o.s.t.c.s.AbstractContextLoader - Could not detect default resource locations for test class [com.crossoverjie.kafka.orderconsumer.RedisTest]: no resource found for suffixes {-context.xml, Context.groovy}.
2018-06-27 11:50:01.856 [main] INFO  o.s.t.c.s.AnnotationConfigContextLoaderUtils - Could not detect default configuration classes for test class [com.crossoverjie.kafka.orderconsumer.RedisTest]: RedisTest does not declare any static, non-private, non-final, nested classes annotated with @Configuration.
2018-06-27 11:50:01.861 [main] INFO  o.s.b.t.c.SpringBootTestContextBootstrapper - Found @SpringBootConfiguration com.crossoverjie.kafka.orderconsumer.OrderConsumerApplication for test class com.crossoverjie.kafka.orderconsumer.RedisTest
2018-06-27 11:50:01.866 [main] INFO  o.s.b.t.c.SpringBootTestContextBootstrapper - Loaded default TestExecutionListener class names from location [META-INF/spring.factories]: [org.springframework.boot.test.mock.mockito.MockitoTestExecutionListener, org.springframework.boot.test.mock.mockito.ResetMocksTestExecutionListener, org.springframework.boot.test.autoconfigure.restdocs.RestDocsTestExecutionListener, org.springframework.boot.test.autoconfigure.web.client.MockRestServiceServerResetTestExecutionListener, org.springframework.boot.test.autoconfigure.web.servlet.MockMvcPrintOnlyOnFailureTestExecutionListener, org.springframework.boot.test.autoconfigure.web.servlet.WebDriverTestExecutionListener, org.springframework.test.context.web.ServletTestExecutionListener, org.springframework.test.context.support.DirtiesContextBeforeModesTestExecutionListener, org.springframework.test.context.support.DependencyInjectionTestExecutionListener, org.springframework.test.context.support.DirtiesContextTestExecutionListener, org.springframework.test.context.transaction.TransactionalTestExecutionListener, org.springframework.test.context.jdbc.SqlScriptsTestExecutionListener]
2018-06-27 11:50:01.870 [main] INFO  o.s.b.t.c.SpringBootTestContextBootstrapper - Using TestExecutionListeners: [org.springframework.test.context.web.ServletTestExecutionListener@47eaca72, org.springframework.test.context.support.DirtiesContextBeforeModesTestExecutionListener@55141def, org.springframework.boot.test.autoconfigure.SpringBootDependencyInjectionTestExecutionListener@55182842, org.springframework.test.context.support.DirtiesContextTestExecutionListener@3270d194, org.springframework.test.context.transaction.TransactionalTestExecutionListener@235834f2, org.springframework.test.context.jdbc.SqlScriptsTestExecutionListener@5656be13, org.springframework.boot.test.mock.mockito.ResetMocksTestExecutionListener@4218d6a3, org.springframework.boot.test.autoconfigure.web.client.MockRestServiceServerResetTestExecutionListener@76505305, org.springframework.boot.test.autoconfigure.restdocs.RestDocsTestExecutionListener@14cd1699, org.springframework.boot.test.autoconfigure.web.servlet.MockMvcPrintOnlyOnFailureTestExecutionListener@77888435, org.springframework.boot.test.mock.mockito.MockitoTestExecutionListener@73a1e9a9, org.springframework.boot.test.autoconfigure.web.servlet.WebDriverTestExecutionListener@71d44a3]
]]></system-out>
  </testcase>
</testsuite>